2025-12-07T11:51:00.569+01:00  INFO 29252 --- [reminder] [main] c.example.reminder.ReminderApplication   : Starting ReminderApplication using Java 21.0.8 with PID 29252 (C:\Java-Spring\reminder\target\classes started by zhila in C:\Java-Spring\reminder)
2025-12-07T11:51:00.584+01:00  INFO 29252 --- [reminder] [main] c.example.reminder.ReminderApplication   : No active profile set, falling back to 1 default profile: "default"
2025-12-07T11:51:02.073+01:00  INFO 29252 --- [reminder] [main] .s.d.r.c.RepositoryConfigurationDelegate : Bootstrapping Spring Data JPA repositories in DEFAULT mode.
2025-12-07T11:51:02.141+01:00  INFO 29252 --- [reminder] [main] .s.d.r.c.RepositoryConfigurationDelegate : Finished Spring Data repository scanning in 71 ms. Found 4 JPA repository interfaces.
2025-12-07T11:51:03.462+01:00  INFO 29252 --- [reminder] [main] o.s.b.w.embedded.tomcat.TomcatWebServer  : Tomcat initialized with port 9090 (http)
2025-12-07T11:51:03.769+01:00  INFO 29252 --- [reminder] [main] o.apache.catalina.core.StandardService   : Starting service [Tomcat]
2025-12-07T11:51:03.770+01:00  INFO 29252 --- [reminder] [main] o.apache.catalina.core.StandardEngine    : Starting Servlet engine: [Apache Tomcat/10.1.30]
2025-12-07T11:51:03.927+01:00  INFO 29252 --- [reminder] [main] o.a.c.c.C.[Tomcat].[localhost].[/]       : Initializing Spring embedded WebApplicationContext
2025-12-07T11:51:03.928+01:00  INFO 29252 --- [reminder] [main] w.s.c.ServletWebServerApplicationContext : Root WebApplicationContext: initialization completed in 3261 ms
2025-12-07T11:51:04.286+01:00  INFO 29252 --- [reminder] [main] o.hibernate.jpa.internal.util.LogHelper  : HHH000204: Processing PersistenceUnitInfo [name: default]
2025-12-07T11:51:04.426+01:00  INFO 29252 --- [reminder] [main] org.hibernate.Version                    : HHH000412: Hibernate ORM core version 6.5.3.Final
2025-12-07T11:51:04.538+01:00  INFO 29252 --- [reminder] [main] o.h.c.internal.RegionFactoryInitiator    : HHH000026: Second-level cache disabled
2025-12-07T11:51:05.134+01:00  INFO 29252 --- [reminder] [main] o.s.o.j.p.SpringPersistenceUnitInfo      : No LoadTimeWeaver setup: ignoring JPA class transformer
2025-12-07T11:51:05.195+01:00  INFO 29252 --- [reminder] [main] com.zaxxer.hikari.HikariDataSource       : HikariPool-1 - Starting...
2025-12-07T11:51:05.430+01:00  INFO 29252 --- [reminder] [main] com.zaxxer.hikari.pool.HikariPool        : HikariPool-1 - Added connection com.mysql.cj.jdbc.ConnectionImpl@485c84d7
2025-12-07T11:51:05.432+01:00  INFO 29252 --- [reminder] [main] com.zaxxer.hikari.HikariDataSource       : HikariPool-1 - Start completed.
2025-12-07T11:51:05.488+01:00  WARN 29252 --- [reminder] [main] org.hibernate.orm.deprecation            : HHH90000025: MySQL8Dialect does not need to be specified explicitly using 'hibernate.dialect' (remove the property setting and it will be selected by default)
2025-12-07T11:51:05.488+01:00  WARN 29252 --- [reminder] [main] org.hibernate.orm.deprecation            : HHH90000026: MySQL8Dialect has been deprecated; use org.hibernate.dialect.MySQLDialect instead
2025-12-07T11:51:06.714+01:00  INFO 29252 --- [reminder] [main] o.h.e.t.j.p.i.JtaPlatformInitiator       : HHH000489: No JTA platform available (set 'hibernate.transaction.jta.platform' to enable JTA platform integration)
2025-12-07T11:51:06.826+01:00  INFO 29252 --- [reminder] [main] j.LocalContainerEntityManagerFactoryBean : Initialized JPA EntityManagerFactory for persistence unit 'default'
2025-12-07T11:51:07.214+01:00  INFO 29252 --- [reminder] [main] o.s.d.j.r.query.QueryEnhancerFactory     : Hibernate is in classpath; If applicable, HQL parser will be used.
2025-12-07T11:51:08.622+01:00  INFO 29252 --- [reminder] [main] eAuthenticationProviderManagerConfigurer : Global AuthenticationManager configured with AuthenticationProvider bean with name authenticationProvider
2025-12-07T11:51:08.624+01:00  WARN 29252 --- [reminder] [main] r$InitializeUserDetailsManagerConfigurer : Global AuthenticationManager configured with an AuthenticationProvider bean. UserDetailsService beans will not be used for username/password login. Consider removing the AuthenticationProvider bean. Alternatively, consider using the UserDetailsService in a manually instantiated DaoAuthenticationProvider.
2025-12-07T11:51:08.893+01:00  WARN 29252 --- [reminder] [main] JpaBaseConfiguration$JpaWebConfiguration : spring.jpa.open-in-view is enabled by default. Therefore, database queries may be performed during view rendering. Explicitly configure spring.jpa.open-in-view to disable this warning
2025-12-07T11:51:10.145+01:00  INFO 29252 --- [reminder] [main] o.s.b.w.embedded.tomcat.TomcatWebServer  : Tomcat started on port 9090 (http) with context path '/'
2025-12-07T11:51:10.160+01:00  INFO 29252 --- [reminder] [main] c.example.reminder.ReminderApplication   : Started ReminderApplication in 10.377 seconds (process running for 11.169)
2025-12-07T11:51:13.282+01:00  INFO 29252 --- [reminder] [http-nio-9090-exec-1] o.a.c.c.C.[Tomcat].[localhost].[/]       : Initializing Spring DispatcherServlet 'dispatcherServlet'
2025-12-07T11:51:13.283+01:00  INFO 29252 --- [reminder] [http-nio-9090-exec-1] o.s.web.servlet.DispatcherServlet        : Initializing Servlet 'dispatcherServlet'
2025-12-07T11:51:13.284+01:00  INFO 29252 --- [reminder] [http-nio-9090-exec-1] o.s.web.servlet.DispatcherServlet        : Completed initialization in 1 ms
2025-12-07T11:52:04.759+01:00  INFO 29252 --- [reminder] [http-nio-9090-exec-7] c.e.reminder.controller.EventController  : Get /api/events/paged -> page=0 , size=2 , sortBy=id , direction=asc , afterDate=null , search=null
2025-12-07T11:52:07.116+01:00  INFO 29252 --- [reminder] [http-nio-9090-exec-8] c.e.reminder.controller.EventController  : Get /api/events/paged -> page=0 , size=2 , sortBy=id , direction=asc , afterDate=null , search=null
2025-12-07T11:53:39.856+01:00  INFO 29252 --- [reminder] [http-nio-9090-exec-8] c.e.reminder.controller.EventController  : Get /api/events/paged -> page=0 , size=2 , sortBy=id , direction=asc , afterDate=null , search=null
2025-12-07T11:53:42.220+01:00  INFO 29252 --- [reminder] [http-nio-9090-exec-10] c.e.reminder.controller.EventController  : Get /api/events/paged -> page=0 , size=2 , sortBy=id , direction=asc , afterDate=null , search=null
2025-12-07T12:16:45.996+01:00  INFO 29252 --- [reminder] [http-nio-9090-exec-2] c.e.reminder.controller.EventController  : Get /api/events/paged -> page=0 , size=2 , sortBy=id , direction=asc , afterDate=null , search=null
2025-12-07T13:37:37.505+01:00  INFO 29252 --- [reminder] [http-nio-9090-exec-10] c.e.reminder.controller.EventController  : Post /api/events -> created id=122 , title=Basketball
2025-12-07T13:37:58.840+01:00  INFO 29252 --- [reminder] [http-nio-9090-exec-7] c.e.reminder.controller.EventController  : Put /api/events/122 -> updated
2025-12-07T13:42:04.506+01:00  INFO 29252 --- [reminder] [http-nio-9090-exec-7] c.e.reminder.controller.EventController  : Delete /api/events/122 -> deleted
2025-12-07T13:50:55.468+01:00  INFO 29252 --- [reminder] [http-nio-9090-exec-4] c.e.reminder.controller.EventController  : Get /api/events/paged -> page=0 , size=2 , sortBy=id , direction=asc , afterDate=null , search=null
2025-12-07T13:53:25.531+01:00  INFO 29252 --- [reminder] [http-nio-9090-exec-4] c.e.reminder.controller.EventController  : Get /api/events/paged -> page=0 , size=2 , sortBy=id , direction=asc , afterDate=null , search=null
2025-12-07T13:53:27.100+01:00  INFO 29252 --- [reminder] [http-nio-9090-exec-6] c.e.reminder.controller.EventController  : Get /api/events/paged -> page=0 , size=2 , sortBy=id , direction=asc , afterDate=null , search=null
2025-12-07T13:55:10.009+01:00  INFO 29252 --- [reminder] [http-nio-9090-exec-4] c.e.reminder.controller.AdminController  : Get /api/events/paged -> page=0 , size=2 , sortBy=id , direction=asc , afterDate=null ,  search=null 
2025-12-07T13:55:22.653+01:00  INFO 29252 --- [reminder] [http-nio-9090-exec-8] c.e.reminder.controller.AdminController  : Get /api/events/paged -> page=0 , size=2 , sortBy=id , direction=asc , afterDate=null ,  search=null 
